{"logTime": "0518/095624", "correlationVector":"HX8fbu1xoRUTTBockujpyd.1","action":"SyncServerConnectionManagerRequest", "result":"SYNC_SERVER_OK", "context":{"environment":"Prod_southeastasia_prod-s01-065-apac-southeastasia", "migrationStage":"NotStarted", "server":"akswtt00700002k"}}
{"logTime": "0518/095624", "correlationVector":"HX8fbu1xoRUTTBockujpyd.2","action":"ProcessGetUpdates", "result":"Done", "context":{"dataType":"Encryption Keys", "deleted":"0", "process_failed_to_decrypt":"0", "process_pending_decryption":"0", "process_success":"1", "total":"1"}}
{"logTime": "0518/095627", "correlationVector":"9RO+FW/J+BmN699eunXMo7","action":"SyncServerConnectionManagerRequest", "result":"SYNC_SERVER_OK", "context":{"environment":"", "migrationStage":"", "server":""}}
{"logTime": "0518/095627", "correlationVector":"9RO+FW/J+BmN699eunXMo7.0","action":"EncryptionKeysFetcher.DownloadKeys:", "result":"Success", "context":Key count: 5, Last key timestamp: 2025-05-16T03:15:44Z}
{"logTime": "0518/095627", "correlationVector":"9RO+FW/J+BmN699eunXMo7.1","action":"EncryptionKeysManager::SetEncryptionKeys:", "result":"Success", "context":Key names[5]:[TokEsGczldxtMdhKCwZ8q9YK6+F3KJqyLTmJ1XYsh5bolRtn2TMs9Unke+bSCmcdBmLLfgiZtS5LKY6sjFErug==][TFD4Oukhco6UHTV9I+hwlOSRZZMazmw8rnpj3hDScm+9CtSzQeFnn5IKtc+v4ZsjVpvKDlvyXbqNzaQUL0Mmsg==][JSm+aVANMmGa5ai2p88YXpoFqsJBmcKfOZJiCnjo5W4/ITeegmPVYFTTt17nsKGiG5Oe4BzTDwLtwNwQDiW2bQ==][dv0k6bIasX0r2Qx3ujXAROgdT2kll438ehZsg5Ma9Sr56E53PY45/ZIOvR8BV1O1j8Ux6j8xAnljxYkXXesZlw==][uzcI2pKuBIaTVMMxUKxHL86z53/SNiYG5tdsAzYqkJWGzjdRhG955iP895TYFx6ozuzVkRVEregTNHyUoHv3dA==]}
{"logTime": "0518/095627", "correlationVector":"9RO+FW/J+BmN699eunXMo7.2","action":"EncryptionKeysManager::SetEncryptionKeysWithTimestamps:", "result":"Success", "context":Key timestamps[5]:[2023-05-23T14:09:28Z][2023-11-21T13:41:45Z][2024-05-20T07:29:55Z][2024-11-16T15:05:45Z][2025-05-16T03:15:44Z]}
{"logTime": "0518/095627", "correlationVector":"HX8fbu1xoRUTTBockujpyd","action":"Initial GetUpdates", "result":"", "context":Reason: NEW_CLIENT. cV=HX8fbu1xoRUTTBockujpyd}
{"logTime": "0518/095627", "correlationVector":"HX8fbu1xoRUTTBockujpyd.3","action":"GetUpdates Response", "result":"Success", "context":Received 1 update(s). cV=HX8fbu1xoRUTTBockujpyd.0;server=akswtt00700002k;cloudType=Consumer;environment=Prod_southeastasia_prod-s01-065-apac-southeastasia;migrationStage=NotStarted}
{"logTime": "0518/095627", "correlationVector":"oR6PbB+bIROymrJFJCdvuC","action":"Initial GetUpdates", "result":"", "context":Reason: NEWLY_SUPPORTED_DATATYPE. cV=oR6PbB+bIROymrJFJCdvuC}
{"logTime": "0518/095628", "correlationVector":"oR6PbB+bIROymrJFJCdvuC.1","action":"SyncServerConnectionManagerRequest", "result":"SYNC_SERVER_OK", "context":{"environment":"Prod_southeastasia_prod-s01-065-apac-southeastasia", "migrationStage":"NotStarted", "server":"akswtt007000026"}}
{"logTime": "0518/095628", "correlationVector":"oR6PbB+bIROymrJFJCdvuC.2","action":"ProcessGetUpdates", "result":"Done", "context":{"dataType":"Preferences", "deleted":"0", "process_failed_to_decrypt":"0", "process_pending_decryption":"0", "process_success":"80", "total":"80"}}
{"logTime": "0518/095628", "correlationVector":"oR6PbB+bIROymrJFJCdvuC.3","action":"ProcessGetUpdates", "result":"Done", "context":{"dataType":"Passwords", "deleted":"22", "process_failed_to_decrypt":"0", "process_pending_decryption":"0", "process_success":"108", "total":"108"}}
{"logTime": "0518/095628", "correlationVector":"oR6PbB+bIROymrJFJCdvuC.4","action":"ProcessGetUpdates", "result":"Done", "context":{"dataType":"Device Info", "deleted":"0", "process_failed_to_decrypt":"0", "process_pending_decryption":"0", "process_success":"3", "total":"3"}}
{"logTime": "0518/095628", "correlationVector":"oR6PbB+bIROymrJFJCdvuC.5","action":"GetUpdates Response", "result":"Success", "context":Received 191 update(s). cV=oR6PbB+bIROymrJFJCdvuC.0;server=akswtt007000026;cloudType=Consumer;environment=Prod_southeastasia_prod-s01-065-apac-southeastasia;migrationStage=NotStarted}
{"logTime": "0518/095628", "correlationVector":"5Fto3XqhusbiQx++XdXosZ","action":"Initial GetUpdates", "result":"", "context":Reason: NEWLY_SUPPORTED_DATATYPE. cV=5Fto3XqhusbiQx++XdXosZ}
{"logTime": "0518/095629", "correlationVector":"5Fto3XqhusbiQx++XdXosZ.1","action":"SyncServerConnectionManagerRequest", "result":"SYNC_SERVER_OK", "context":{"environment":"Prod_southeastasia_prod-s01-065-apac-southeastasia", "migrationStage":"NotStarted", "server":"akswtt00700004e"}}
{"logTime": "0518/095629", "correlationVector":"5Fto3XqhusbiQx++XdXosZ.2","action":"ProcessGetUpdates", "result":"Done", "context":{"dataType":"Bookmarks", "deleted":"1", "process_failed_to_decrypt":"0", "process_pending_decryption":"0", "process_success":"18", "total":"18"}}
{"logTime": "0518/095629", "correlationVector":"5Fto3XqhusbiQx++XdXosZ.3","action":"GetUpdates Response", "result":"Success", "context":Received 18 update(s). cV=5Fto3XqhusbiQx++XdXosZ.0;server=akswtt00700004e;cloudType=Consumer;environment=Prod_southeastasia_prod-s01-065-apac-southeastasia;migrationStage=NotStarted}
{"logTime": "0518/095629", "correlationVector":"B9Lci18yRwMHwblh6lAdxf","action":"Initial GetUpdates", "result":"", "context":Reason: NEWLY_SUPPORTED_DATATYPE. cV=B9Lci18yRwMHwblh6lAdxf}
{"logTime": "0518/095630", "correlationVector":"B9Lci18yRwMHwblh6lAdxf.1","action":"SyncServerConnectionManagerRequest", "result":"SYNC_SERVER_OK", "context":{"environment":"Prod_southeastasia_prod-s01-065-apac-southeastasia", "migrationStage":"NotStarted", "server":"akswtt00700004j"}}
{"logTime": "0518/095630", "correlationVector":"B9Lci18yRwMHwblh6lAdxf.2","action":"ProcessGetUpdates", "result":"Done", "context":{"dataType":"Autofill", "deleted":"0", "process_failed_to_decrypt":"0", "process_pending_decryption":"0", "process_success":"147", "total":"147"}}
{"logTime": "0518/095630", "correlationVector":"B9Lci18yRwMHwblh6lAdxf.3","action":"ProcessGetUpdates", "result":"Done", "context":{"dataType":"Sessions", "deleted":"96", "process_failed_to_decrypt":"0", "process_pending_decryption":"0", "process_success":"96", "total":"96"}}
{"logTime": "0518/095630", "correlationVector":"B9Lci18yRwMHwblh6lAdxf.4","action":"ProcessGetUpdates", "result":"Done", "context":{"dataType":"Edge Hub App Usage", "deleted":"7", "process_failed_to_decrypt":"0", "process_pending_decryption":"0", "process_success":"7", "total":"7"}}
{"logTime": "0518/095630", "correlationVector":"B9Lci18yRwMHwblh6lAdxf.5","action":"GetUpdates Response", "result":"Success", "context":Received 250 update(s). cV=B9Lci18yRwMHwblh6lAdxf.0;server=akswtt00700004j;cloudType=Consumer;environment=Prod_southeastasia_prod-s01-065-apac-southeastasia;migrationStage=NotStarted Some updates remain.}
{"logTime": "0518/095630", "correlationVector":"bRY67/rK+5Cve8wBSOJTDB","action":"Initial GetUpdates", "result":"", "context":Reason: NEWLY_SUPPORTED_DATATYPE. cV=bRY67/rK+5Cve8wBSOJTDB}
{"logTime": "0518/095631", "correlationVector":"bRY67/rK+5Cve8wBSOJTDB.1","action":"SyncServerConnectionManagerRequest", "result":"SYNC_SERVER_OK", "context":{"environment":"Prod_southeastasia_prod-s01-065-apac-southeastasia", "migrationStage":"NotStarted", "server":"akswtt00700002m"}}
{"logTime": "0518/095631", "correlationVector":"bRY67/rK+5Cve8wBSOJTDB.2","action":"ProcessGetUpdates", "result":"Done", "context":{"dataType":"Sessions", "deleted":"204", "process_failed_to_decrypt":"0", "process_pending_decryption":"0", "process_success":"204", "total":"204"}}
{"logTime": "0518/095631", "correlationVector":"bRY67/rK+5Cve8wBSOJTDB.3","action":"ProcessGetUpdates", "result":"Done", "context":{"dataType":"Edge Hub App Usage", "deleted":"45", "process_failed_to_decrypt":"0", "process_pending_decryption":"0", "process_success":"46", "total":"46"}}
{"logTime": "0518/095631", "correlationVector":"bRY67/rK+5Cve8wBSOJTDB.4","action":"GetUpdates Response", "result":"Success", "context":Received 250 update(s). cV=bRY67/rK+5Cve8wBSOJTDB.0;server=akswtt00700002m;cloudType=Consumer;environment=Prod_southeastasia_prod-s01-065-apac-southeastasia;migrationStage=NotStarted Some updates remain.}
{"logTime": "0518/095631", "correlationVector":"/BeWy0q9JKgaanLMGu7WvQ","action":"Initial GetUpdates", "result":"", "context":Reason: NEWLY_SUPPORTED_DATATYPE. cV=/BeWy0q9JKgaanLMGu7WvQ}
{"logTime": "0518/095632", "correlationVector":"/BeWy0q9JKgaanLMGu7WvQ.1","action":"SyncServerConnectionManagerRequest", "result":"SYNC_SERVER_OK", "context":{"environment":"Prod_southeastasia_prod-s01-065-apac-southeastasia", "migrationStage":"NotStarted", "server":"akswtt00700000l"}}
{"logTime": "0518/095632", "correlationVector":"/BeWy0q9JKgaanLMGu7WvQ.2","action":"ProcessGetUpdates", "result":"Done", "context":{"dataType":"Sessions", "deleted":"244", "process_failed_to_decrypt":"0", "process_pending_decryption":"0", "process_success":"244", "total":"244"}}
{"logTime": "0518/095632", "correlationVector":"/BeWy0q9JKgaanLMGu7WvQ.3","action":"ProcessGetUpdates", "result":"Done", "context":{"dataType":"History Delete Directives", "deleted":"0", "process_failed_to_decrypt":"0", "process_pending_decryption":"0", "process_success":"4", "total":"4"}}
{"logTime": "0518/095632", "correlationVector":"/BeWy0q9JKgaanLMGu7WvQ.4","action":"ProcessGetUpdates", "result":"Done", "context":{"dataType":"Edge Hub App Usage", "deleted":"1", "process_failed_to_decrypt":"0", "process_pending_decryption":"0", "process_success":"2", "total":"2"}}
{"logTime": "0518/095632", "correlationVector":"/BeWy0q9JKgaanLMGu7WvQ.5","action":"GetUpdates Response", "result":"Success", "context":Received 250 update(s). cV=/BeWy0q9JKgaanLMGu7WvQ.0;server=akswtt00700000l;cloudType=Consumer;environment=Prod_southeastasia_prod-s01-065-apac-southeastasia;migrationStage=NotStarted Some updates remain.}
{"logTime": "0518/095632", "correlationVector":"6W0RjVJhkFfoweEcZiwyYk","action":"Initial GetUpdates", "result":"", "context":Reason: NEWLY_SUPPORTED_DATATYPE. cV=6W0RjVJhkFfoweEcZiwyYk}
{"logTime": "0518/095633", "correlationVector":"6W0RjVJhkFfoweEcZiwyYk.1","action":"SyncServerConnectionManagerRequest", "result":"SYNC_SERVER_OK", "context":{"environment":"Prod_southeastasia_prod-s01-065-apac-southeastasia", "migrationStage":"NotStarted", "server":"akswtt00700000y"}}
{"logTime": "0518/095633", "correlationVector":"6W0RjVJhkFfoweEcZiwyYk.2","action":"ProcessGetUpdates", "result":"Done", "context":{"dataType":"Sessions", "deleted":"250", "process_failed_to_decrypt":"0", "process_pending_decryption":"0", "process_success":"250", "total":"250"}}
{"logTime": "0518/095633", "correlationVector":"6W0RjVJhkFfoweEcZiwyYk.3","action":"GetUpdates Response", "result":"Success", "context":Received 250 update(s). cV=6W0RjVJhkFfoweEcZiwyYk.0;server=akswtt00700000y;cloudType=Consumer;environment=Prod_southeastasia_prod-s01-065-apac-southeastasia;migrationStage=NotStarted Some updates remain.}
{"logTime": "0518/095633", "correlationVector":"U2y0+BgVCRB0Q0t+MKttKz","action":"Initial GetUpdates", "result":"", "context":Reason: NEWLY_SUPPORTED_DATATYPE. cV=U2y0+BgVCRB0Q0t+MKttKz}
{"logTime": "0518/095634", "correlationVector":"U2y0+BgVCRB0Q0t+MKttKz.1","action":"SyncServerConnectionManagerRequest", "result":"SYNC_SERVER_OK", "context":{"environment":"Prod_southeastasia_prod-s01-065-apac-southeastasia", "migrationStage":"NotStarted", "server":"akswtt00700001h"}}
{"logTime": "0518/095634", "correlationVector":"U2y0+BgVCRB0Q0t+MKttKz.2","action":"ProcessGetUpdates", "result":"Done", "context":{"dataType":"Autofill Profiles", "deleted":"0", "process_failed_to_decrypt":"0", "process_pending_decryption":"0", "process_success":"37", "total":"37"}}
{"logTime": "0518/095634", "correlationVector":"U2y0+BgVCRB0Q0t+MKttKz.3","action":"ProcessGetUpdates", "result":"Done", "context":{"dataType":"Autofill", "deleted":"0", "process_failed_to_decrypt":"0", "process_pending_decryption":"0", "process_success":"142", "total":"142"}}
{"logTime": "0518/095634", "correlationVector":"U2y0+BgVCRB0Q0t+MKttKz.4","action":"ProcessGetUpdates", "result":"Done", "context":{"dataType":"Sessions", "deleted":"71", "process_failed_to_decrypt":"0", "process_pending_decryption":"0", "process_success":"71", "total":"71"}}
{"logTime": "0518/095634", "correlationVector":"U2y0+BgVCRB0Q0t+MKttKz.5","action":"GetUpdates Response", "result":"Success", "context":Received 250 update(s). cV=U2y0+BgVCRB0Q0t+MKttKz.0;server=akswtt00700001h;cloudType=Consumer;environment=Prod_southeastasia_prod-s01-065-apac-southeastasia;migrationStage=NotStarted Some updates remain.}
{"logTime": "0518/095634", "correlationVector":"cg6yIZJspAEXPrfON1LHiU","action":"Initial GetUpdates", "result":"", "context":Reason: NEWLY_SUPPORTED_DATATYPE. cV=cg6yIZJspAEXPrfON1LHiU}
{"logTime": "0518/095634", "correlationVector":"cg6yIZJspAEXPrfON1LHiU.1","action":"SyncServerConnectionManagerRequest", "result":"SYNC_SERVER_OK", "context":{"environment":"Prod_southeastasia_prod-s01-065-apac-southeastasia", "migrationStage":"NotStarted", "server":"akswtt00700000y"}}
{"logTime": "0518/095634", "correlationVector":"cg6yIZJspAEXPrfON1LHiU.2","action":"ProcessGetUpdates", "result":"Done", "context":{"dataType":"Autofill Profiles", "deleted":"0", "process_failed_to_decrypt":"0", "process_pending_decryption":"0", "process_success":"5", "total":"5"}}
{"logTime": "0518/095634", "correlationVector":"cg6yIZJspAEXPrfON1LHiU.3","action":"ProcessGetUpdates", "result":"Done", "context":{"dataType":"Autofill", "deleted":"0", "process_failed_to_decrypt":"0", "process_pending_decryption":"0", "process_success":"203", "total":"203"}}
{"logTime": "0518/095634", "correlationVector":"cg6yIZJspAEXPrfON1LHiU.4","action":"ProcessGetUpdates", "result":"Done", "context":{"dataType":"Sessions", "deleted":"42", "process_failed_to_decrypt":"0", "process_pending_decryption":"0", "process_success":"42", "total":"42"}}
{"logTime": "0518/095634", "correlationVector":"cg6yIZJspAEXPrfON1LHiU.5","action":"GetUpdates Response", "result":"Success", "context":Received 250 update(s). cV=cg6yIZJspAEXPrfON1LHiU.0;server=akswtt00700000y;cloudType=Consumer;environment=Prod_southeastasia_prod-s01-065-apac-southeastasia;migrationStage=NotStarted Some updates remain.}
{"logTime": "0518/095634", "correlationVector":"cTD2tNR5CsD6MlchKtWJBr","action":"Initial GetUpdates", "result":"", "context":Reason: NEWLY_SUPPORTED_DATATYPE. cV=cTD2tNR5CsD6MlchKtWJBr}
{"logTime": "0518/095635", "correlationVector":"cTD2tNR5CsD6MlchKtWJBr.1","action":"SyncServerConnectionManagerRequest", "result":"SYNC_SERVER_OK", "context":{"environment":"Prod_southeastasia_prod-s01-065-apac-southeastasia", "migrationStage":"NotStarted", "server":"akswtt00700000l"}}
{"logTime": "0518/095635", "correlationVector":"cTD2tNR5CsD6MlchKtWJBr.2","action":"ProcessGetUpdates", "result":"Done", "context":{"dataType":"Autofill", "deleted":"0", "process_failed_to_decrypt":"0", "process_pending_decryption":"0", "process_success":"4", "total":"4"}}
{"logTime": "0518/095635", "correlationVector":"cTD2tNR5CsD6MlchKtWJBr.3","action":"ProcessGetUpdates", "result":"Done", "context":{"dataType":"Sessions", "deleted":"26", "process_failed_to_decrypt":"0", "process_pending_decryption":"0", "process_success":"31", "total":"31"}}
{"logTime": "0518/095635", "correlationVector":"cTD2tNR5CsD6MlchKtWJBr.4","action":"GetUpdates Response", "result":"Success", "context":Received 35 update(s). cV=cTD2tNR5CsD6MlchKtWJBr.0;server=akswtt00700000l;cloudType=Consumer;environment=Prod_southeastasia_prod-s01-065-apac-southeastasia;migrationStage=NotStarted}
{"logTime": "0518/095635", "correlationVector":"LPQ5x8D514Ir90JIDBKeAn","action":"Initial GetUpdates", "result":"", "context":Reason: NEWLY_SUPPORTED_DATATYPE. cV=LPQ5x8D514Ir90JIDBKeAn}
{"logTime": "0518/095635", "correlationVector":"LPQ5x8D514Ir90JIDBKeAn.1","action":"SyncServerConnectionManagerRequest", "result":"SYNC_SERVER_OK", "context":{"environment":"Prod_southeastasia_prod-s01-065-apac-southeastasia", "migrationStage":"NotStarted", "server":"akswtt00700002m"}}
{"logTime": "0518/095635", "correlationVector":"LPQ5x8D514Ir90JIDBKeAn.2","action":"ProcessGetUpdates", "result":"Done", "context":{"dataType":"History", "deleted":"0", "process_failed_to_decrypt":"0", "process_pending_decryption":"0", "process_success":"250", "total":"250"}}
{"logTime": "0518/095635", "correlationVector":"LPQ5x8D514Ir90JIDBKeAn.3","action":"GetUpdates Response", "result":"Success", "context":Received 250 update(s). cV=LPQ5x8D514Ir90JIDBKeAn.0;server=akswtt00700002m;cloudType=Consumer;environment=Prod_southeastasia_prod-s01-065-apac-southeastasia;migrationStage=NotStarted Some updates remain.}
{"logTime": "0518/095635", "correlationVector":"tsP7aBEvw/XkEixfHS/eCH","action":"Initial GetUpdates", "result":"", "context":Reason: NEWLY_SUPPORTED_DATATYPE. cV=tsP7aBEvw/XkEixfHS/eCH}
{"logTime": "0518/095636", "correlationVector":"tsP7aBEvw/XkEixfHS/eCH.1","action":"SyncServerConnectionManagerRequest", "result":"SYNC_SERVER_OK", "context":{"environment":"Prod_southeastasia_prod-s01-065-apac-southeastasia", "migrationStage":"NotStarted", "server":"akswtt00700001h"}}
{"logTime": "0518/095636", "correlationVector":"tsP7aBEvw/XkEixfHS/eCH.2","action":"ProcessGetUpdates", "result":"Done", "context":{"dataType":"History", "deleted":"0", "process_failed_to_decrypt":"0", "process_pending_decryption":"0", "process_success":"250", "total":"250"}}
{"logTime": "0518/095636", "correlationVector":"tsP7aBEvw/XkEixfHS/eCH.3","action":"GetUpdates Response", "result":"Success", "context":Received 250 update(s). cV=tsP7aBEvw/XkEixfHS/eCH.0;server=akswtt00700001h;cloudType=Consumer;environment=Prod_southeastasia_prod-s01-065-apac-southeastasia;migrationStage=NotStarted Some updates remain.}
{"logTime": "0518/095636", "correlationVector":"qYt71dEOL55XNsU+wDt0CN","action":"Initial GetUpdates", "result":"", "context":Reason: NEWLY_SUPPORTED_DATATYPE. cV=qYt71dEOL55XNsU+wDt0CN}
{"logTime": "0518/095637", "correlationVector":"qYt71dEOL55XNsU+wDt0CN.1","action":"SyncServerConnectionManagerRequest", "result":"SYNC_SERVER_OK", "context":{"environment":"Prod_southeastasia_prod-s01-065-apac-southeastasia", "migrationStage":"NotStarted", "server":"akswtt007000052"}}
{"logTime": "0518/095637", "correlationVector":"qYt71dEOL55XNsU+wDt0CN.2","action":"ProcessGetUpdates", "result":"Done", "context":{"dataType":"History", "deleted":"0", "process_failed_to_decrypt":"0", "process_pending_decryption":"0", "process_success":"250", "total":"250"}}
{"logTime": "0518/095637", "correlationVector":"qYt71dEOL55XNsU+wDt0CN.3","action":"GetUpdates Response", "result":"Success", "context":Received 250 update(s). cV=qYt71dEOL55XNsU+wDt0CN.0;server=akswtt007000052;cloudType=Consumer;environment=Prod_southeastasia_prod-s01-065-apac-southeastasia;migrationStage=NotStarted Some updates remain.}
{"logTime": "0518/095637", "correlationVector":"EbO1TJfGrh6AC+ZHO0rRp+","action":"Initial GetUpdates", "result":"", "context":Reason: NEWLY_SUPPORTED_DATATYPE. cV=EbO1TJfGrh6AC+ZHO0rRp+}
{"logTime": "0518/095637", "correlationVector":"EbO1TJfGrh6AC+ZHO0rRp+.1","action":"SyncServerConnectionManagerRequest", "result":"SYNC_SERVER_OK", "context":{"environment":"Prod_southeastasia_prod-s01-065-apac-southeastasia", "migrationStage":"NotStarted", "server":"akswtt00700000h"}}
{"logTime": "0518/095637", "correlationVector":"EbO1TJfGrh6AC+ZHO0rRp+.2","action":"ProcessGetUpdates", "result":"Done", "context":{"dataType":"History", "deleted":"0", "process_failed_to_decrypt":"0", "process_pending_decryption":"0", "process_success":"250", "total":"250"}}
{"logTime": "0518/095637", "correlationVector":"EbO1TJfGrh6AC+ZHO0rRp+.3","action":"GetUpdates Response", "result":"Success", "context":Received 250 update(s). cV=EbO1TJfGrh6AC+ZHO0rRp+.0;server=akswtt00700000h;cloudType=Consumer;environment=Prod_southeastasia_prod-s01-065-apac-southeastasia;migrationStage=NotStarted Some updates remain.}
{"logTime": "0518/095637", "correlationVector":"bYrsxSN4JgAtkJu87Fv+wu","action":"Initial GetUpdates", "result":"", "context":Reason: NEWLY_SUPPORTED_DATATYPE. cV=bYrsxSN4JgAtkJu87Fv+wu}
{"logTime": "0518/095638", "correlationVector":"bYrsxSN4JgAtkJu87Fv+wu.1","action":"SyncServerConnectionManagerRequest", "result":"SYNC_SERVER_OK", "context":{"environment":"Prod_southeastasia_prod-s01-065-apac-southeastasia", "migrationStage":"NotStarted", "server":"akswtt00700000y"}}
{"logTime": "0518/095638", "correlationVector":"bYrsxSN4JgAtkJu87Fv+wu.2","action":"ProcessGetUpdates", "result":"Done", "context":{"dataType":"History", "deleted":"0", "process_failed_to_decrypt":"0", "process_pending_decryption":"0", "process_success":"250", "total":"250"}}
{"logTime": "0518/095638", "correlationVector":"bYrsxSN4JgAtkJu87Fv+wu.3","action":"GetUpdates Response", "result":"Success", "context":Received 250 update(s). cV=bYrsxSN4JgAtkJu87Fv+wu.0;server=akswtt00700000y;cloudType=Consumer;environment=Prod_southeastasia_prod-s01-065-apac-southeastasia;migrationStage=NotStarted Some updates remain.}
{"logTime": "0518/095638", "correlationVector":"mAjJ6Ryn0nscHW0lwjPXXo","action":"Initial GetUpdates", "result":"", "context":Reason: NEWLY_SUPPORTED_DATATYPE. cV=mAjJ6Ryn0nscHW0lwjPXXo}
{"logTime": "0518/095639", "correlationVector":"mAjJ6Ryn0nscHW0lwjPXXo.1","action":"SyncServerConnectionManagerRequest", "result":"SYNC_SERVER_OK", "context":{"environment":"Prod_southeastasia_prod-s01-065-apac-southeastasia", "migrationStage":"NotStarted", "server":"akswtt00700002m"}}
{"logTime": "0518/095639", "correlationVector":"mAjJ6Ryn0nscHW0lwjPXXo.2","action":"ProcessGetUpdates", "result":"Done", "context":{"dataType":"History", "deleted":"0", "process_failed_to_decrypt":"0", "process_pending_decryption":"0", "process_success":"250", "total":"250"}}
{"logTime": "0518/095639", "correlationVector":"mAjJ6Ryn0nscHW0lwjPXXo.3","action":"GetUpdates Response", "result":"Success", "context":Received 250 update(s). cV=mAjJ6Ryn0nscHW0lwjPXXo.0;server=akswtt00700002m;cloudType=Consumer;environment=Prod_southeastasia_prod-s01-065-apac-southeastasia;migrationStage=NotStarted Some updates remain.}
{"logTime": "0518/095639", "correlationVector":"gx8j2nRnaH96QFFj041KA5","action":"Initial GetUpdates", "result":"", "context":Reason: NEWLY_SUPPORTED_DATATYPE. cV=gx8j2nRnaH96QFFj041KA5}
{"logTime": "0518/095639", "correlationVector":"gx8j2nRnaH96QFFj041KA5.1","action":"SyncServerConnectionManagerRequest", "result":"SYNC_SERVER_OK", "context":{"environment":"Prod_southeastasia_prod-s01-065-apac-southeastasia", "migrationStage":"NotStarted", "server":"akswtt007000052"}}
{"logTime": "0518/095639", "correlationVector":"gx8j2nRnaH96QFFj041KA5.2","action":"ProcessGetUpdates", "result":"Done", "context":{"dataType":"History", "deleted":"0", "process_failed_to_decrypt":"0", "process_pending_decryption":"0", "process_success":"250", "total":"250"}}
{"logTime": "0518/095639", "correlationVector":"gx8j2nRnaH96QFFj041KA5.3","action":"GetUpdates Response", "result":"Success", "context":Received 250 update(s). cV=gx8j2nRnaH96QFFj041KA5.0;server=akswtt007000052;cloudType=Consumer;environment=Prod_southeastasia_prod-s01-065-apac-southeastasia;migrationStage=NotStarted Some updates remain.}
{"logTime": "0518/095639", "correlationVector":"yTx1N8yzXlPrlLXUOomi8I","action":"Initial GetUpdates", "result":"", "context":Reason: NEWLY_SUPPORTED_DATATYPE. cV=yTx1N8yzXlPrlLXUOomi8I}
{"logTime": "0518/095640", "correlationVector":"yTx1N8yzXlPrlLXUOomi8I.1","action":"SyncServerConnectionManagerRequest", "result":"SYNC_SERVER_OK", "context":{"environment":"Prod_southeastasia_prod-s01-065-apac-southeastasia", "migrationStage":"NotStarted", "server":"akswtt007000042"}}
{"logTime": "0518/095640", "correlationVector":"yTx1N8yzXlPrlLXUOomi8I.2","action":"ProcessGetUpdates", "result":"Done", "context":{"dataType":"History", "deleted":"0", "process_failed_to_decrypt":"0", "process_pending_decryption":"0", "process_success":"250", "total":"250"}}
{"logTime": "0518/095640", "correlationVector":"yTx1N8yzXlPrlLXUOomi8I.3","action":"GetUpdates Response", "result":"Success", "context":Received 250 update(s). cV=yTx1N8yzXlPrlLXUOomi8I.0;server=akswtt007000042;cloudType=Consumer;environment=Prod_southeastasia_prod-s01-065-apac-southeastasia;migrationStage=NotStarted Some updates remain.}
{"logTime": "0518/095640", "correlationVector":"gAGH2c4QxlySABn6NT7O2Y","action":"Initial GetUpdates", "result":"", "context":Reason: NEWLY_SUPPORTED_DATATYPE. cV=gAGH2c4QxlySABn6NT7O2Y}
{"logTime": "0518/095641", "correlationVector":"gAGH2c4QxlySABn6NT7O2Y.1","action":"SyncServerConnectionManagerRequest", "result":"SYNC_SERVER_OK", "context":{"environment":"Prod_southeastasia_prod-s01-065-apac-southeastasia", "migrationStage":"NotStarted", "server":"akswtt00700000y"}}
{"logTime": "0518/095641", "correlationVector":"gAGH2c4QxlySABn6NT7O2Y.2","action":"ProcessGetUpdates", "result":"Done", "context":{"dataType":"History", "deleted":"0", "process_failed_to_decrypt":"0", "process_pending_decryption":"0", "process_success":"250", "total":"250"}}
{"logTime": "0518/095641", "correlationVector":"gAGH2c4QxlySABn6NT7O2Y.3","action":"GetUpdates Response", "result":"Success", "context":Received 250 update(s). cV=gAGH2c4QxlySABn6NT7O2Y.0;server=akswtt00700000y;cloudType=Consumer;environment=Prod_southeastasia_prod-s01-065-apac-southeastasia;migrationStage=NotStarted Some updates remain.}
{"logTime": "0518/095641", "correlationVector":"FabHuR2Oeu33kmFmP5Ve1N","action":"Initial GetUpdates", "result":"", "context":Reason: NEWLY_SUPPORTED_DATATYPE. cV=FabHuR2Oeu33kmFmP5Ve1N}
{"logTime": "0518/095642", "correlationVector":"FabHuR2Oeu33kmFmP5Ve1N.1","action":"SyncServerConnectionManagerRequest", "result":"SYNC_SERVER_OK", "context":{"environment":"Prod_southeastasia_prod-s01-065-apac-southeastasia", "migrationStage":"NotStarted", "server":"akswtt00700000l"}}
{"logTime": "0518/095642", "correlationVector":"FabHuR2Oeu33kmFmP5Ve1N.2","action":"ProcessGetUpdates", "result":"Done", "context":{"dataType":"History", "deleted":"0", "process_failed_to_decrypt":"0", "process_pending_decryption":"0", "process_success":"250", "total":"250"}}
{"logTime": "0518/095642", "correlationVector":"FabHuR2Oeu33kmFmP5Ve1N.3","action":"GetUpdates Response", "result":"Success", "context":Received 250 update(s). cV=FabHuR2Oeu33kmFmP5Ve1N.0;server=akswtt00700000l;cloudType=Consumer;environment=Prod_southeastasia_prod-s01-065-apac-southeastasia;migrationStage=NotStarted Some updates remain.}
{"logTime": "0518/095642", "correlationVector":"SaMDdwQa8m24WomZT9WGVn","action":"Initial GetUpdates", "result":"", "context":Reason: NEWLY_SUPPORTED_DATATYPE. cV=SaMDdwQa8m24WomZT9WGVn}
{"logTime": "0518/095642", "correlationVector":"SaMDdwQa8m24WomZT9WGVn.1","action":"SyncServerConnectionManagerRequest", "result":"SYNC_SERVER_OK", "context":{"environment":"Prod_southeastasia_prod-s01-065-apac-southeastasia", "migrationStage":"NotStarted", "server":"akswtt007000042"}}
{"logTime": "0518/095642", "correlationVector":"SaMDdwQa8m24WomZT9WGVn.2","action":"ProcessGetUpdates", "result":"Done", "context":{"dataType":"History", "deleted":"0", "process_failed_to_decrypt":"0", "process_pending_decryption":"0", "process_success":"250", "total":"250"}}
{"logTime": "0518/095642", "correlationVector":"SaMDdwQa8m24WomZT9WGVn.3","action":"GetUpdates Response", "result":"Success", "context":Received 250 update(s). cV=SaMDdwQa8m24WomZT9WGVn.0;server=akswtt007000042;cloudType=Consumer;environment=Prod_southeastasia_prod-s01-065-apac-southeastasia;migrationStage=NotStarted Some updates remain.}
{"logTime": "0518/095642", "correlationVector":"0dOWLn8nrRLO5sLGNDxjAw","action":"Initial GetUpdates", "result":"", "context":Reason: NEWLY_SUPPORTED_DATATYPE. cV=0dOWLn8nrRLO5sLGNDxjAw}
{"logTime": "0518/095644", "correlationVector":"0dOWLn8nrRLO5sLGNDxjAw.1","action":"SyncServerConnectionManagerRequest", "result":"SYNC_SERVER_OK", "context":{"environment":"Prod_southeastasia_prod-s01-065-apac-southeastasia", "migrationStage":"NotStarted", "server":"akswtt00700001i"}}
{"logTime": "0518/095644", "correlationVector":"0dOWLn8nrRLO5sLGNDxjAw.2","action":"ProcessGetUpdates", "result":"Done", "context":{"dataType":"History", "deleted":"0", "process_failed_to_decrypt":"0", "process_pending_decryption":"0", "process_success":"250", "total":"250"}}
{"logTime": "0518/095644", "correlationVector":"0dOWLn8nrRLO5sLGNDxjAw.3","action":"GetUpdates Response", "result":"Success", "context":Received 250 update(s). cV=0dOWLn8nrRLO5sLGNDxjAw.0;server=akswtt00700001i;cloudType=Consumer;environment=Prod_southeastasia_prod-s01-065-apac-southeastasia;migrationStage=NotStarted Some updates remain.}
{"logTime": "0518/095644", "correlationVector":"irLem3lMurarHmyAlmAtNY","action":"Initial GetUpdates", "result":"", "context":Reason: NEWLY_SUPPORTED_DATATYPE. cV=irLem3lMurarHmyAlmAtNY}
{"logTime": "0518/095645", "correlationVector":"irLem3lMurarHmyAlmAtNY.1","action":"SyncServerConnectionManagerRequest", "result":"SYNC_SERVER_OK", "context":{"environment":"Prod_southeastasia_prod-s01-065-apac-southeastasia", "migrationStage":"NotStarted", "server":"akswtt00700000l"}}
{"logTime": "0518/095645", "correlationVector":"irLem3lMurarHmyAlmAtNY.2","action":"ProcessGetUpdates", "result":"Done", "context":{"dataType":"History", "deleted":"0", "process_failed_to_decrypt":"0", "process_pending_decryption":"0", "process_success":"250", "total":"250"}}
{"logTime": "0518/095645", "correlationVector":"irLem3lMurarHmyAlmAtNY.3","action":"GetUpdates Response", "result":"Success", "context":Received 250 update(s). cV=irLem3lMurarHmyAlmAtNY.0;server=akswtt00700000l;cloudType=Consumer;environment=Prod_southeastasia_prod-s01-065-apac-southeastasia;migrationStage=NotStarted Some updates remain.}
{"logTime": "0518/095645", "correlationVector":"vfHeiMujB2VTEvIGh1eG9V","action":"Initial GetUpdates", "result":"", "context":Reason: NEWLY_SUPPORTED_DATATYPE. cV=vfHeiMujB2VTEvIGh1eG9V}
{"logTime": "0518/095645", "correlationVector":"vfHeiMujB2VTEvIGh1eG9V.1","action":"SyncServerConnectionManagerRequest", "result":"SYNC_SERVER_OK", "context":{"environment":"Prod_southeastasia_prod-s01-065-apac-southeastasia", "migrationStage":"NotStarted", "server":"akswtt007000052"}}
{"logTime": "0518/095645", "correlationVector":"vfHeiMujB2VTEvIGh1eG9V.2","action":"ProcessGetUpdates", "result":"Done", "context":{"dataType":"History", "deleted":"0", "process_failed_to_decrypt":"0", "process_pending_decryption":"0", "process_success":"250", "total":"250"}}
{"logTime": "0518/095645", "correlationVector":"vfHeiMujB2VTEvIGh1eG9V.3","action":"GetUpdates Response", "result":"Success", "context":Received 250 update(s). cV=vfHeiMujB2VTEvIGh1eG9V.0;server=akswtt007000052;cloudType=Consumer;environment=Prod_southeastasia_prod-s01-065-apac-southeastasia;migrationStage=NotStarted Some updates remain.}
{"logTime": "0518/095645", "correlationVector":"NjzzjrZ7ugVbs9aEX71wbs","action":"Initial GetUpdates", "result":"", "context":Reason: NEWLY_SUPPORTED_DATATYPE. cV=NjzzjrZ7ugVbs9aEX71wbs}
{"logTime": "0518/095646", "correlationVector":"NjzzjrZ7ugVbs9aEX71wbs.1","action":"SyncServerConnectionManagerRequest", "result":"SYNC_SERVER_OK", "context":{"environment":"Prod_southeastasia_prod-s01-065-apac-southeastasia", "migrationStage":"NotStarted", "server":"akswtt007000042"}}
{"logTime": "0518/095646", "correlationVector":"NjzzjrZ7ugVbs9aEX71wbs.2","action":"ProcessGetUpdates", "result":"Done", "context":{"dataType":"History", "deleted":"0", "process_failed_to_decrypt":"0", "process_pending_decryption":"0", "process_success":"250", "total":"250"}}
{"logTime": "0518/095646", "correlationVector":"NjzzjrZ7ugVbs9aEX71wbs.3","action":"GetUpdates Response", "result":"Success", "context":Received 250 update(s). cV=NjzzjrZ7ugVbs9aEX71wbs.0;server=akswtt007000042;cloudType=Consumer;environment=Prod_southeastasia_prod-s01-065-apac-southeastasia;migrationStage=NotStarted Some updates remain.}
{"logTime": "0518/095646", "correlationVector":"3h9dyBTtifgZldHOxZSHkd","action":"Initial GetUpdates", "result":"", "context":Reason: NEWLY_SUPPORTED_DATATYPE. cV=3h9dyBTtifgZldHOxZSHkd}
{"logTime": "0518/095647", "correlationVector":"3h9dyBTtifgZldHOxZSHkd.1","action":"SyncServerConnectionManagerRequest", "result":"SYNC_SERVER_OK", "context":{"environment":"Prod_southeastasia_prod-s01-065-apac-southeastasia", "migrationStage":"NotStarted", "server":"akswtt00700002e"}}
{"logTime": "0518/095647", "correlationVector":"3h9dyBTtifgZldHOxZSHkd.2","action":"ProcessGetUpdates", "result":"Done", "context":{"dataType":"History", "deleted":"0", "process_failed_to_decrypt":"0", "process_pending_decryption":"0", "process_success":"157", "total":"157"}}
{"logTime": "0518/095647", "correlationVector":"3h9dyBTtifgZldHOxZSHkd.3","action":"GetUpdates Response", "result":"Success", "context":Received 157 update(s). cV=3h9dyBTtifgZldHOxZSHkd.0;server=akswtt00700002e;cloudType=Consumer;environment=Prod_southeastasia_prod-s01-065-apac-southeastasia;migrationStage=NotStarted}
{"logTime": "0518/095647", "correlationVector":"RazvVmGuiutxZA0qrMcdQQ","action":"Normal GetUpdate request", "result":"", "context":cV=RazvVmGuiutxZA0qrMcdQQ
Nudged types: Sessions, Device Info, User Consents
Refresh requested types: Bookmarks, Preferences, Passwords, Autofill Profiles, Autofill, Extensions, Sessions, Extension settings, History Delete Directives, Device Info, User Consents, Send Tab To Self, Web Apps, History, Saved Tab Group, Collection, Edge E Drop, Edge Hub App Usage, Edge Tab Group, Edge Wallet, Encryption Keys}
{"logTime": "0518/095647", "correlationVector":"RazvVmGuiutxZA0qrMcdQQ.1","action":"SyncServerConnectionManagerRequest", "result":"SYNC_SERVER_OK", "context":{"environment":"Prod_southeastasia_prod-s01-065-apac-southeastasia", "migrationStage":"NotStarted", "server":"akswtt00700002u"}}
{"logTime": "0518/095647", "correlationVector":"RazvVmGuiutxZA0qrMcdQQ.2","action":"GetUpdates Response", "result":"Success", "context":Received 0 update(s). cV=RazvVmGuiutxZA0qrMcdQQ.0;server=akswtt00700002u;cloudType=Consumer;environment=Prod_southeastasia_prod-s01-065-apac-southeastasia;migrationStage=NotStarted}
{"logTime": "0518/095647", "correlationVector":"QOFzn871o31In0Qfgkaapz","action":"DoCompareDataConsistency requsted types: ", "result":"Bookmarks, Preferences, Passwords, Extensions, Extension settings, History Delete Directives, Send Tab To Self, Web Apps, History, Saved Tab Group, Collection, Edge E Drop, Edge Tab Group, Edge Wallet, Encryption Keys"}
{"logTime": "0518/095647", "correlationVector":"QOFzn871o31In0Qfgkaapz.0","action":"CompareDataConsistency result: ", "result":"Compare result: Encryption Keys is consistent. local entities count is: 1 local entities hash is: Msawi9OPNneYNgFZVsriNWf31XM="}
{"logTime": "0518/095647", "correlationVector":"QOFzn871o31In0Qfgkaapz.1","action":"CompareDataConsistency result: ", "result":"Compare result: Bookmarks is consistent. local entities count is: 12 local entities hash is: Fe9Khd1LhT2dRt7C8f09R//YnOo="}
{"logTime": "0518/095647", "correlationVector":"QOFzn871o31In0Qfgkaapz.2","action":"CompareDataConsistency result: ", "result":"Compare result: Preferences is consistent. local entities count is: 80 local entities hash is: A/j45ltiyvMgVMNJmRexQnyRSLo="}
{"logTime": "0518/095647", "correlationVector":"QOFzn871o31In0Qfgkaapz.3","action":"CompareDataConsistency result: ", "result":"Compare result: Extensions is consistent. local entities count is: 0 local entities hash is: "}
{"logTime": "0518/095647", "correlationVector":"QOFzn871o31In0Qfgkaapz.4","action":"CompareDataConsistency result: ", "result":"Compare result: Extension settings is consistent. local entities count is: 0 local entities hash is: "}
{"logTime": "0518/095647", "correlationVector":"QOFzn871o31In0Qfgkaapz.5","action":"CompareDataConsistency result: ", "result":"Compare result: History Delete Directives is inconsistent. server entities count is: 4 server entities hash is: FpztgD6Beh0Wn2untT6wizj8tg4= local entities count is: 0 local entities hash is: "}
{"logTime": "0518/095647", "correlationVector":"QOFzn871o31In0Qfgkaapz.6","action":"CompareDataConsistency result: ", "result":"Server did not send this Send Tab To Self local entities count is: 0 local entities hash is: "}
{"logTime": "0518/095647", "correlationVector":"QOFzn871o31In0Qfgkaapz.7","action":"CompareDataConsistency result: ", "result":"Compare result: Web Apps is consistent. local entities count is: 0 local entities hash is: "}
{"logTime": "0518/095647", "correlationVector":"QOFzn871o31In0Qfgkaapz.8","action":"CompareDataConsistency result: ", "result":"Server did not send this History local entities count is: 0 local entities hash is: "}
{"logTime": "0518/095647", "correlationVector":"QOFzn871o31In0Qfgkaapz.9","action":"CompareDataConsistency result: ", "result":"Compare result: Saved Tab Group is consistent. local entities count is: 0 local entities hash is: "}
{"logTime": "0518/095647", "correlationVector":"QOFzn871o31In0Qfgkaapz.10","action":"CompareDataConsistency result: ", "result":"Compare result: Collection is consistent. local entities count is: 0 local entities hash is: "}
{"logTime": "0518/095647", "correlationVector":"QOFzn871o31In0Qfgkaapz.11","action":"CompareDataConsistency result: ", "result":"Compare result: Edge E Drop is consistent. local entities count is: 0 local entities hash is: "}
{"logTime": "0518/095647", "correlationVector":"QOFzn871o31In0Qfgkaapz.12","action":"CompareDataConsistency result: ", "result":"Compare result: Edge Tab Group is consistent. local entities count is: 0 local entities hash is: "}
{"logTime": "0518/095647", "correlationVector":"QOFzn871o31In0Qfgkaapz.13","action":"CompareDataConsistency result: ", "result":"Compare result: Edge Wallet is consistent. local entities count is: 0 local entities hash is: "}
{"logTime": "0518/095647", "correlationVector":"QOFzn871o31In0Qfgkaapz.14","action":"CompareDataConsistency result: ", "result":"Compare result: Passwords is consistent. local entities count is: 86 local entities hash is: bSVuyU3S0iM0D5u5QdZeYbG9MCw="}
{"logTime": "0518/095647", "correlationVector":"z4yyeP0NGPcYo3/5QEQMJC","action":"Commit Request", "result":"", "context":Item count: 4
Contributing types: Sessions, Device Info, User Consents}
{"logTime": "0518/095648", "correlationVector":"z4yyeP0NGPcYo3/5QEQMJC.1","action":"SyncServerConnectionManagerRequest", "result":"SYNC_SERVER_OK", "context":{"environment":"Prod_southeastasia_prod-s01-065-apac-southeastasia", "migrationStage":"NotStarted", "server":"akswtt00700000y"}}
{"logTime": "0518/095648", "correlationVector":"z4yyeP0NGPcYo3/5QEQMJC.2","action":"Commit Response", "result":"Success", "context":Result: Success. cV=z4yyeP0NGPcYo3/5QEQMJC.0;server=akswtt00700000y;cloudType=Consumer;environment=Prod_southeastasia_prod-s01-065-apac-southeastasia;migrationStage=NotStarted}
{"logTime": "0518/095648", "correlationVector":"","action":"DIAGNOSTIC_REQUEST|v1/diagnosticData/Diagnostic.SendCheckResult()|SUCCESS", "result":""}
{"logTime": "0518/095652", "correlationVector":"FMliGKS+3jBy4xmXPUqphS","action":"Commit Request", "result":"", "context":Item count: 1
Contributing types: Preferences}
{"logTime": "0518/095652", "correlationVector":"FMliGKS+3jBy4xmXPUqphS.1","action":"SyncServerConnectionManagerRequest", "result":"SYNC_SERVER_OK", "context":{"environment":"Prod_southeastasia_prod-s01-065-apac-southeastasia", "migrationStage":"NotStarted", "server":"akswtt00700002u"}}
{"logTime": "0518/095652", "correlationVector":"FMliGKS+3jBy4xmXPUqphS.2","action":"Commit Response", "result":"Success", "context":Result: Success. cV=FMliGKS+3jBy4xmXPUqphS.0;server=akswtt00700002u;cloudType=Consumer;environment=Prod_southeastasia_prod-s01-065-apac-southeastasia;migrationStage=NotStarted}
{"logTime": "0518/095909", "correlationVector":"EVQZgPHuwyEqo5MYTyt0Ea","action":"Commit Request", "result":"", "context":Item count: 2
Contributing types: User Consents, History}
{"logTime": "0518/095910", "correlationVector":"EVQZgPHuwyEqo5MYTyt0Ea.1","action":"SyncServerConnectionManagerRequest", "result":"SYNC_SERVER_OK", "context":{"environment":"Prod_southeastasia_prod-s01-064-apac-southeastasia", "migrationStage":"NotStarted", "server":"akswtt00700004k"}}
{"logTime": "0518/095910", "correlationVector":"EVQZgPHuwyEqo5MYTyt0Ea.2","action":"Commit Response", "result":"Success", "context":Result: Success. cV=EVQZgPHuwyEqo5MYTyt0Ea.0;server=akswtt00700004k;cloudType=Consumer;environment=Prod_southeastasia_prod-s01-064-apac-southeastasia;migrationStage=NotStarted}
